[21:58:52.413] Global cache location '/home/kdr/.cache/typescript/3.7', safe file path '/home/kdr/.emacs.d/.cache/lsp/npm/typescript/lib/node_modules/typescript/lib/typingSafeList.json', types map path /home/kdr/.emacs.d/.cache/lsp/npm/typescript/lib/node_modules/typescript/lib/typesMap.json
[21:58:52.413] Processing cache location '/home/kdr/.cache/typescript/3.7'
[21:58:52.414] Trying to find '/home/kdr/.cache/typescript/3.7/package.json'...
[21:58:52.415] Loaded content of '/home/kdr/.cache/typescript/3.7/package.json': {"private":true,"dependencies":{"types-registry":"^0.1.477"},"devDependencies":{"@types/async":"^3.0.7","@types/atob":"^2.1.2","@types/babel__core":"^7.1.3","@types/babelify":"^7.3.6","@types/browserify":"^12.0.36","@types/html-webpack-plugin":"^3.2.2","@types/long":"^4.0.1","@types/md5":"^2.1.33","@types/nes":"^7.0.6","@types/paho-mqtt":"^1.0.4","@types/react":"^16.9.19","@types/react-dom":"^16.9.5","@types/text-encoding":"0.0.35","@types/uuid":"^3.4.7","@types/webpack":"^4.41.5","@types/webpack-dev-server":"^3.10.0"}}
[21:58:52.415] Loaded content of '/home/kdr/.cache/typescript/3.7/package-lock.json'
[21:58:52.421] Adding entry into typings cache: 'async' => '/home/kdr/.cache/typescript/3.7/node_modules/@types/async/index.d.ts'
[21:58:52.424] Adding entry into typings cache: 'atob' => '/home/kdr/.cache/typescript/3.7/node_modules/@types/atob/index.d.ts'
[21:58:52.426] Adding entry into typings cache: 'babel__core' => '/home/kdr/.cache/typescript/3.7/node_modules/@types/babel__core/index.d.ts'
[21:58:52.427] Adding entry into typings cache: 'babelify' => '/home/kdr/.cache/typescript/3.7/node_modules/@types/babelify/index.d.ts'
[21:58:52.430] Adding entry into typings cache: 'browserify' => '/home/kdr/.cache/typescript/3.7/node_modules/@types/browserify/index.d.ts'
[21:58:52.433] Adding entry into typings cache: 'html-webpack-plugin' => '/home/kdr/.cache/typescript/3.7/node_modules/@types/html-webpack-plugin/index.d.ts'
[21:58:52.434] Adding entry into typings cache: 'long' => '/home/kdr/.cache/typescript/3.7/node_modules/@types/long/index.d.ts'
[21:58:52.436] Adding entry into typings cache: 'md5' => '/home/kdr/.cache/typescript/3.7/node_modules/@types/md5/index.d.ts'
[21:58:52.438] Adding entry into typings cache: 'nes' => '/home/kdr/.cache/typescript/3.7/node_modules/@types/nes/index.d.ts'
[21:58:52.439] Adding entry into typings cache: 'paho-mqtt' => '/home/kdr/.cache/typescript/3.7/node_modules/@types/paho-mqtt/index.d.ts'
[21:58:52.442] Adding entry into typings cache: 'react' => '/home/kdr/.cache/typescript/3.7/node_modules/@types/react/index.d.ts'
[21:58:52.445] Adding entry into typings cache: 'react-dom' => '/home/kdr/.cache/typescript/3.7/node_modules/@types/react-dom/index.d.ts'
[21:58:52.447] Adding entry into typings cache: 'text-encoding' => '/home/kdr/.cache/typescript/3.7/node_modules/@types/text-encoding/index.d.ts'
[21:58:52.449] Adding entry into typings cache: 'uuid' => '/home/kdr/.cache/typescript/3.7/node_modules/@types/uuid/index.d.ts'
[21:58:52.451] Adding entry into typings cache: 'webpack' => '/home/kdr/.cache/typescript/3.7/node_modules/@types/webpack/index.d.ts'
[21:58:52.453] Adding entry into typings cache: 'webpack-dev-server' => '/home/kdr/.cache/typescript/3.7/node_modules/@types/webpack-dev-server/index.d.ts'
[21:58:52.453] Finished processing cache location '/home/kdr/.cache/typescript/3.7'
[21:58:52.453] Process id: 21974
[21:58:52.453] NPM location: /usr/bin/npm (explicit '--npmLocation' not  provided)
[21:58:52.453] validateDefaultNpmLocation: false
[21:58:52.454] Npm config file: /home/kdr/.cache/typescript/3.7/package.json
[21:58:52.454] Updating types-registry npm package...
[21:58:52.454] Exec: /usr/bin/npm install --ignore-scripts types-registry@latest
[21:58:53.716]     Succeeded. stdout:
    + types-registry@0.1.477
    updated 1 package and audited 140 packages in 0.917s
found 0 vulnerabilities


[21:58:53.717] Updated types-registry npm package
[21:58:53.939] Got install request {"projectName":"/dev/null/inferredProject1*","fileNames":["/home/kdr/.emacs.d/.cache/lsp/npm/typescript/lib/node_modules/typescript/lib/lib.d.ts","/home/kdr/.emacs.d/.cache/lsp/npm/typescript/lib/node_modules/typescript/lib/lib.es5.d.ts","/home/kdr/.emacs.d/.cache/lsp/npm/typescript/lib/node_modules/typescript/lib/lib.dom.d.ts","/home/kdr/.emacs.d/.cache/lsp/npm/typescript/lib/node_modules/typescript/lib/lib.webworker.importscripts.d.ts","/home/kdr/.emacs.d/.cache/lsp/npm/typescript/lib/node_modules/typescript/lib/lib.scripthost.d.ts","/home/kdr/magic/proj/filtersort/dist/wasm.worker.js"],"compilerOptions":{"target":1,"jsx":1,"allowNonTsExtensions":true,"allowJs":true,"noEmitForJsFiles":true,"maxNodeModuleJsDepth":2},"typeAcquisition":{"enable":true,"include":[],"exclude":[]},"unresolvedImports":[],"projectRootPath":"/home/kdr/magic/proj/filtersort/dist","kind":"discover"}
[21:58:53.949] Loaded safelist from types map file '/home/kdr/.emacs.d/.cache/lsp/npm/typescript/lib/node_modules/typescript/lib/typesMap.json'
[21:58:53.949] Explicitly included types: []
[21:58:53.950] Inferred typings from unresolved imports: []
[21:58:53.950] Result: {"cachedTypingPaths":[],"newTypingNames":[],"filesToWatch":["/home/kdr/magic/proj/filtersort/dist/bower_components","/home/kdr/magic/proj/filtersort/dist/node_modules"]}
[21:58:53.950] Finished typings discovery: {"cachedTypingPaths":[],"newTypingNames":[],"filesToWatch":["/home/kdr/magic/proj/filtersort/dist/bower_components","/home/kdr/magic/proj/filtersort/dist/node_modules"]}
[21:58:53.950] DirectoryWatcher:: Added:: WatchInfo: /home/kdr/magic/proj/filtersort/dist/bower_components
[21:58:53.952] DirectoryWatcher:: Added:: WatchInfo: /home/kdr/magic/proj/filtersort/dist/node_modules
[21:58:53.952] Sending response:
    {"projectName":"/dev/null/inferredProject1*","typeAcquisition":{"enable":true,"include":[],"exclude":[]},"compilerOptions":{"target":1,"jsx":1,"allowNonTsExtensions":true,"allowJs":true,"noEmitForJsFiles":true,"maxNodeModuleJsDepth":2},"typings":[],"unresolvedImports":[],"kind":"action::set"}
[21:58:53.952] Response has been sent.
[21:58:53.952] No new typings were requested as a result of typings discovery
